This file contains any messages produced by compilers while
running configure, to aid debugging if configure makes a mistake.

It was created by qtmib configure 1.1.1, which was
generated by GNU Autoconf 2.69.  Invocation command line was

  $ ./configure 

## --------- ##
## Platform. ##
## --------- ##

hostname = lhuang-Latitude-7280
uname -m = x86_64
uname -r = 4.4.0-146-generic
uname -s = Linux
uname -v = #172~14.04.1-Ubuntu SMP Fri Apr 5 16:51:29 UTC 2019

/usr/bin/uname -p = unknown
/bin/uname -X     = unknown

/bin/arch              = unknown
/usr/bin/arch -k       = unknown
/usr/convex/getsysinfo = unknown
/usr/bin/hostinfo      = unknown
/bin/machine           = unknown
/usr/bin/oslevel       = unknown
/bin/universe          = unknown

PATH: /usr/local/sbin
PATH: /usr/local/bin
PATH: /usr/sbin
PATH: /usr/bin
PATH: /sbin
PATH: /bin
PATH: /usr/games
PATH: /usr/local/games


## ----------- ##
## Core tests. ##
## ----------- ##

configure:2123: checking for gcc
configure:2139: found /usr/bin/gcc
configure:2150: result: gcc
configure:2379: checking for C compiler version
configure:2388: gcc --version >&5
gcc (Ubuntu 4.8.4-2ubuntu1~14.04.4) 4.8.4
Copyright (C) 2013 Free Software Foundation, Inc.
This is free software; see the source for copying conditions.  There is NO
warranty; not even for MERCHANTABILITY or FITNESS FOR A PARTICULAR PURPOSE.

configure:2399: $? = 0
configure:2388: gcc -v >&5
Using built-in specs.
COLLECT_GCC=gcc
COLLECT_LTO_WRAPPER=/usr/lib/gcc/x86_64-linux-gnu/4.8/lto-wrapper
Target: x86_64-linux-gnu
Configured with: ../src/configure -v --with-pkgversion='Ubuntu 4.8.4-2ubuntu1~14.04.4' --with-bugurl=file:///usr/share/doc/gcc-4.8/README.Bugs --enable-languages=c,c++,java,go,d,fortran,objc,obj-c++ --prefix=/usr --program-suffix=-4.8 --enable-shared --enable-linker-build-id --libexecdir=/usr/lib --without-included-gettext --enable-threads=posix --with-gxx-include-dir=/usr/include/c++/4.8 --libdir=/usr/lib --enable-nls --with-sysroot=/ --enable-clocale=gnu --enable-libstdcxx-debug --enable-libstdcxx-time=yes --enable-gnu-unique-object --disable-libmudflap --enable-plugin --with-system-zlib --disable-browser-plugin --enable-java-awt=gtk --enable-gtk-cairo --with-java-home=/usr/lib/jvm/java-1.5.0-gcj-4.8-amd64/jre --enable-java-home --with-jvm-root-dir=/usr/lib/jvm/java-1.5.0-gcj-4.8-amd64 --with-jvm-jar-dir=/usr/lib/jvm-exports/java-1.5.0-gcj-4.8-amd64 --with-arch-directory=amd64 --with-ecj-jar=/usr/share/java/eclipse-ecj.jar --enable-objc-gc --enable-multiarch --disable-werror --with-arch-32=i686 --with-abi=m64 --with-multilib-list=m32,m64,mx32 --with-tune=generic --enable-checking=release --build=x86_64-linux-gnu --host=x86_64-linux-gnu --target=x86_64-linux-gnu
Thread model: posix
gcc version 4.8.4 (Ubuntu 4.8.4-2ubuntu1~14.04.4) 
configure:2399: $? = 0
configure:2388: gcc -V >&5
gcc: error: unrecognized command line option '-V'
gcc: fatal error: no input files
compilation terminated.
configure:2399: $? = 4
configure:2388: gcc -qversion >&5
gcc: error: unrecognized command line option '-qversion'
gcc: fatal error: no input files
compilation terminated.
configure:2399: $? = 4
configure:2419: checking whether the C compiler works
configure:2441: gcc    conftest.c  >&5
configure:2445: $? = 0
configure:2493: result: yes
configure:2496: checking for C compiler default output file name
configure:2498: result: a.out
configure:2504: checking for suffix of executables
configure:2511: gcc -o conftest    conftest.c  >&5
configure:2515: $? = 0
configure:2537: result: 
configure:2559: checking whether we are cross compiling
configure:2567: gcc -o conftest    conftest.c  >&5
configure:2571: $? = 0
configure:2578: ./conftest
configure:2582: $? = 0
configure:2597: result: no
configure:2602: checking for suffix of object files
configure:2624: gcc -c   conftest.c >&5
configure:2628: $? = 0
configure:2649: result: o
configure:2653: checking whether we are using the GNU C compiler
configure:2672: gcc -c   conftest.c >&5
configure:2672: $? = 0
configure:2681: result: yes
configure:2690: checking whether gcc accepts -g
configure:2710: gcc -c -g  conftest.c >&5
configure:2710: $? = 0
configure:2751: result: yes
configure:2768: checking for gcc option to accept ISO C89
configure:2831: gcc  -c -g -O2  conftest.c >&5
configure:2831: $? = 0
configure:2844: result: none needed
configure:2922: checking for g++
configure:2938: found /usr/bin/g++
configure:2949: result: g++
configure:2976: checking for C++ compiler version
configure:2985: g++ --version >&5
g++ (Ubuntu 4.8.4-2ubuntu1~14.04.4) 4.8.4
Copyright (C) 2013 Free Software Foundation, Inc.
This is free software; see the source for copying conditions.  There is NO
warranty; not even for MERCHANTABILITY or FITNESS FOR A PARTICULAR PURPOSE.

configure:2996: $? = 0
configure:2985: g++ -v >&5
Using built-in specs.
COLLECT_GCC=g++
COLLECT_LTO_WRAPPER=/usr/lib/gcc/x86_64-linux-gnu/4.8/lto-wrapper
Target: x86_64-linux-gnu
Configured with: ../src/configure -v --with-pkgversion='Ubuntu 4.8.4-2ubuntu1~14.04.4' --with-bugurl=file:///usr/share/doc/gcc-4.8/README.Bugs --enable-languages=c,c++,java,go,d,fortran,objc,obj-c++ --prefix=/usr --program-suffix=-4.8 --enable-shared --enable-linker-build-id --libexecdir=/usr/lib --without-included-gettext --enable-threads=posix --with-gxx-include-dir=/usr/include/c++/4.8 --libdir=/usr/lib --enable-nls --with-sysroot=/ --enable-clocale=gnu --enable-libstdcxx-debug --enable-libstdcxx-time=yes --enable-gnu-unique-object --disable-libmudflap --enable-plugin --with-system-zlib --disable-browser-plugin --enable-java-awt=gtk --enable-gtk-cairo --with-java-home=/usr/lib/jvm/java-1.5.0-gcj-4.8-amd64/jre --enable-java-home --with-jvm-root-dir=/usr/lib/jvm/java-1.5.0-gcj-4.8-amd64 --with-jvm-jar-dir=/usr/lib/jvm-exports/java-1.5.0-gcj-4.8-amd64 --with-arch-directory=amd64 --with-ecj-jar=/usr/share/java/eclipse-ecj.jar --enable-objc-gc --enable-multiarch --disable-werror --with-arch-32=i686 --with-abi=m64 --with-multilib-list=m32,m64,mx32 --with-tune=generic --enable-checking=release --build=x86_64-linux-gnu --host=x86_64-linux-gnu --target=x86_64-linux-gnu
Thread model: posix
gcc version 4.8.4 (Ubuntu 4.8.4-2ubuntu1~14.04.4) 
configure:2996: $? = 0
configure:2985: g++ -V >&5
g++: error: unrecognized command line option '-V'
g++: fatal error: no input files
compilation terminated.
configure:2996: $? = 4
configure:2985: g++ -qversion >&5
g++: error: unrecognized command line option '-qversion'
g++: fatal error: no input files
compilation terminated.
configure:2996: $? = 4
configure:3000: checking whether we are using the GNU C++ compiler
configure:3019: g++ -c   conftest.cpp >&5
configure:3019: $? = 0
configure:3028: result: yes
configure:3037: checking whether g++ accepts -g
configure:3057: g++ -c -g  conftest.cpp >&5
configure:3057: $? = 0
configure:3098: result: yes
configure:3164: checking for a BSD-compatible install
configure:3232: result: /usr/bin/install -c
configure:3243: checking whether ln -s works
configure:3247: result: yes
configure:3297: checking for ranlib
configure:3313: found /usr/bin/ranlib
configure:3324: result: ranlib
configure:3349: checking for main in -lpthread
configure:3368: gcc -o conftest -g -O2   conftest.c -lpthread   >&5
configure:3368: $? = 0
configure:3377: result: yes
configure:3395: checking how to run the C preprocessor
configure:3426: gcc -E  conftest.c
configure:3426: $? = 0
configure:3440: gcc -E  conftest.c
conftest.c:10:28: fatal error: ac_nonexistent.h: No such file or directory
 #include <ac_nonexistent.h>
                            ^
compilation terminated.
configure:3440: $? = 1
configure: failed program was:
| /* confdefs.h */
| #define PACKAGE_NAME "qtmib"
| #define PACKAGE_TARNAME "qtmib"
| #define PACKAGE_VERSION "1.1.1"
| #define PACKAGE_STRING "qtmib 1.1.1"
| #define PACKAGE_BUGREPORT "rcpteam@yahoo.com"
| #define PACKAGE_URL "http://qtmib.sourceforge.net"
| #define HAVE_LIBPTHREAD 1
| /* end confdefs.h.  */
| #include <ac_nonexistent.h>
configure:3465: result: gcc -E
configure:3485: gcc -E  conftest.c
configure:3485: $? = 0
configure:3499: gcc -E  conftest.c
conftest.c:10:28: fatal error: ac_nonexistent.h: No such file or directory
 #include <ac_nonexistent.h>
                            ^
compilation terminated.
configure:3499: $? = 1
configure: failed program was:
| /* confdefs.h */
| #define PACKAGE_NAME "qtmib"
| #define PACKAGE_TARNAME "qtmib"
| #define PACKAGE_VERSION "1.1.1"
| #define PACKAGE_STRING "qtmib 1.1.1"
| #define PACKAGE_BUGREPORT "rcpteam@yahoo.com"
| #define PACKAGE_URL "http://qtmib.sourceforge.net"
| #define HAVE_LIBPTHREAD 1
| /* end confdefs.h.  */
| #include <ac_nonexistent.h>
configure:3528: checking for grep that handles long lines and -e
configure:3586: result: /bin/grep
configure:3591: checking for egrep
configure:3653: result: /bin/grep -E
configure:3658: checking for ANSI C header files
configure:3678: gcc -c -g -O2  conftest.c >&5
configure:3678: $? = 0
configure:3751: gcc -o conftest -g -O2   conftest.c -lpthread  >&5
configure:3751: $? = 0
configure:3751: ./conftest
configure:3751: $? = 0
configure:3762: result: yes
configure:3775: checking for sys/types.h
configure:3775: gcc -c -g -O2  conftest.c >&5
configure:3775: $? = 0
configure:3775: result: yes
configure:3775: checking for sys/stat.h
configure:3775: gcc -c -g -O2  conftest.c >&5
configure:3775: $? = 0
configure:3775: result: yes
configure:3775: checking for stdlib.h
configure:3775: gcc -c -g -O2  conftest.c >&5
configure:3775: $? = 0
configure:3775: result: yes
configure:3775: checking for string.h
configure:3775: gcc -c -g -O2  conftest.c >&5
configure:3775: $? = 0
configure:3775: result: yes
configure:3775: checking for memory.h
configure:3775: gcc -c -g -O2  conftest.c >&5
configure:3775: $? = 0
configure:3775: result: yes
configure:3775: checking for strings.h
configure:3775: gcc -c -g -O2  conftest.c >&5
configure:3775: $? = 0
configure:3775: result: yes
configure:3775: checking for inttypes.h
configure:3775: gcc -c -g -O2  conftest.c >&5
configure:3775: $? = 0
configure:3775: result: yes
configure:3775: checking for stdint.h
configure:3775: gcc -c -g -O2  conftest.c >&5
configure:3775: $? = 0
configure:3775: result: yes
configure:3775: checking for unistd.h
configure:3775: gcc -c -g -O2  conftest.c >&5
configure:3775: $? = 0
configure:3775: result: yes
configure:3787: checking pthread.h usability
configure:3787: gcc -c -g -O2  conftest.c >&5
configure:3787: $? = 0
configure:3787: result: yes
configure:3787: checking pthread.h presence
configure:3787: gcc -E  conftest.c
configure:3787: $? = 0
configure:3787: result: yes
configure:3787: checking for pthread.h
configure:3787: result: yes
configure:3806: checking for main in -lQtCore
configure:3825: gcc -o conftest -g -O2   conftest.c -lQtCore  -lpthread  >&5
configure:3825: $? = 0
configure:3834: result: yes
configure:3847: checking for main in -lQtGui
configure:3866: gcc -o conftest -g -O2   conftest.c -lQtGui  -lQtCore -lpthread  >&5
configure:3866: $? = 0
configure:3875: result: yes
configure:4085: creating ./config.status

## ---------------------- ##
## Running config.status. ##
## ---------------------- ##

This file was extended by qtmib config.status 1.1.1, which was
generated by GNU Autoconf 2.69.  Invocation command line was

  CONFIG_FILES    = 
  CONFIG_HEADERS  = 
  CONFIG_LINKS    = 
  CONFIG_COMMANDS = 
  $ ./config.status 

on lhuang-Latitude-7280

config.status:734: creating Makefile

## ---------------- ##
## Cache variables. ##
## ---------------- ##

ac_cv_c_compiler_gnu=yes
ac_cv_cxx_compiler_gnu=yes
ac_cv_env_CCC_set=
ac_cv_env_CCC_value=
ac_cv_env_CC_set=
ac_cv_env_CC_value=
ac_cv_env_CFLAGS_set=
ac_cv_env_CFLAGS_value=
ac_cv_env_CPPFLAGS_set=
ac_cv_env_CPPFLAGS_value=
ac_cv_env_CPP_set=
ac_cv_env_CPP_value=
ac_cv_env_CXXFLAGS_set=
ac_cv_env_CXXFLAGS_value=
ac_cv_env_CXX_set=
ac_cv_env_CXX_value=
ac_cv_env_LDFLAGS_set=
ac_cv_env_LDFLAGS_value=
ac_cv_env_LIBS_set=
ac_cv_env_LIBS_value=
ac_cv_env_build_alias_set=
ac_cv_env_build_alias_value=
ac_cv_env_host_alias_set=
ac_cv_env_host_alias_value=
ac_cv_env_target_alias_set=
ac_cv_env_target_alias_value=
ac_cv_header_inttypes_h=yes
ac_cv_header_memory_h=yes
ac_cv_header_pthread_h=yes
ac_cv_header_stdc=yes
ac_cv_header_stdint_h=yes
ac_cv_header_stdlib_h=yes
ac_cv_header_string_h=yes
ac_cv_header_strings_h=yes
ac_cv_header_sys_stat_h=yes
ac_cv_header_sys_types_h=yes
ac_cv_header_unistd_h=yes
ac_cv_lib_QtCore_main=yes
ac_cv_lib_QtGui_main=yes
ac_cv_lib_pthread_main=yes
ac_cv_objext=o
ac_cv_path_EGREP='/bin/grep -E'
ac_cv_path_GREP=/bin/grep
ac_cv_path_install='/usr/bin/install -c'
ac_cv_prog_CPP='gcc -E'
ac_cv_prog_ac_ct_CC=gcc
ac_cv_prog_ac_ct_CXX=g++
ac_cv_prog_ac_ct_RANLIB=ranlib
ac_cv_prog_cc_c89=
ac_cv_prog_cc_g=yes
ac_cv_prog_cxx_g=yes

## ----------------- ##
## Output variables. ##
## ----------------- ##

CC='gcc'
CFLAGS='-g -O2'
CPP='gcc -E'
CPPFLAGS=''
CXX='g++'
CXXFLAGS='-g -O2'
DEFS='-DPACKAGE_NAME=\"qtmib\" -DPACKAGE_TARNAME=\"qtmib\" -DPACKAGE_VERSION=\"1.1.1\" -DPACKAGE_STRING=\"qtmib\ 1.1.1\" -DPACKAGE_BUGREPORT=\"rcpteam@yahoo.com\" -DPACKAGE_URL=\"http://qtmib.sourceforge.net\" -DHAVE_LIBPTHREAD=1 -DSTDC_HEADERS=1 -DHAVE_SYS_TYPES_H=1 -DHAVE_SYS_STAT_H=1 -DHAVE_STDLIB_H=1 -DHAVE_STRING_H=1 -DHAVE_MEMORY_H=1 -DHAVE_STRINGS_H=1 -DHAVE_INTTYPES_H=1 -DHAVE_STDINT_H=1 -DHAVE_UNISTD_H=1 -DHAVE_LIBQTCORE=1 -DHAVE_LIBQTGUI=1'
ECHO_C=''
ECHO_N='-n'
ECHO_T=''
EGREP='/bin/grep -E'
EXEEXT=''
GREP='/bin/grep'
INSTALL_DATA='${INSTALL} -m 644'
INSTALL_PROGRAM='${INSTALL}'
INSTALL_SCRIPT='${INSTALL}'
LDFLAGS=''
LIBOBJS=''
LIBS='-lQtGui -lQtCore -lpthread '
LN_S='ln -s'
LTLIBOBJS=''
OBJEXT='o'
PACKAGE_BUGREPORT='rcpteam@yahoo.com'
PACKAGE_NAME='qtmib'
PACKAGE_STRING='qtmib 1.1.1'
PACKAGE_TARNAME='qtmib'
PACKAGE_URL='http://qtmib.sourceforge.net'
PACKAGE_VERSION='1.1.1'
PATH_SEPARATOR=':'
RANLIB='ranlib'
SHELL='/bin/bash'
ac_ct_CC='gcc'
ac_ct_CXX='g++'
bindir='${exec_prefix}/bin'
build_alias=''
datadir='${datarootdir}'
datarootdir='${prefix}/share'
docdir='${datarootdir}/doc/${PACKAGE_TARNAME}'
dvidir='${docdir}'
exec_prefix='${prefix}'
host_alias=''
htmldir='${docdir}'
includedir='${prefix}/include'
infodir='${datarootdir}/info'
libdir='${exec_prefix}/lib'
libexecdir='${exec_prefix}/libexec'
localedir='${datarootdir}/locale'
localstatedir='${prefix}/var'
mandir='${datarootdir}/man'
oldincludedir='/usr/include'
pdfdir='${docdir}'
prefix='/usr/local'
program_transform_name='s,x,x,'
psdir='${docdir}'
sbindir='${exec_prefix}/sbin'
sharedstatedir='${prefix}/com'
sysconfdir='${prefix}/etc'
target_alias=''

## ----------- ##
## confdefs.h. ##
## ----------- ##

/* confdefs.h */
#define PACKAGE_NAME "qtmib"
#define PACKAGE_TARNAME "qtmib"
#define PACKAGE_VERSION "1.1.1"
#define PACKAGE_STRING "qtmib 1.1.1"
#define PACKAGE_BUGREPORT "rcpteam@yahoo.com"
#define PACKAGE_URL "http://qtmib.sourceforge.net"
#define HAVE_LIBPTHREAD 1
#define STDC_HEADERS 1
#define HAVE_SYS_TYPES_H 1
#define HAVE_SYS_STAT_H 1
#define HAVE_STDLIB_H 1
#define HAVE_STRING_H 1
#define HAVE_MEMORY_H 1
#define HAVE_STRINGS_H 1
#define HAVE_INTTYPES_H 1
#define HAVE_STDINT_H 1
#define HAVE_UNISTD_H 1
#define HAVE_LIBQTCORE 1
#define HAVE_LIBQTGUI 1

configure: exit 0
